<?xml version="1.0" encoding="UTF-8"?>
<!-- Generated by org.testng.reporters.JUnitReportReporter -->
<testsuite hostname="EdwinMendez" failures="0" tests="1" name="tpi135_2023.ingenieria.occ.ues.edu.sv.Delivery.control.AbstractDataAccessTest" time="1.989" errors="0" timestamp="2023-04-06T22:22:10 CST" skipped="0">
  <testcase classname="tpi135_2023.ingenieria.occ.ues.edu.sv.Delivery.control.AbstractDataAccessTest" name="testcrear" time="1.989"/>
  <system-out/>
</testsuite> <!-- tpi135_2023.ingenieria.occ.ues.edu.sv.Delivery.control.AbstractDataAccessTest -->
