<?xml version="1.0" encoding="UTF-8"?>
<!-- Generated by org.testng.reporters.JUnitReportReporter -->
<testsuite hostname="LAPTOP-66QOD51T" failures="0" tests="1" name="tpi135_2023.ingenieria.occ.ues.edu.sv.Delivery.control.ComercioBeanTest" time="2.885" errors="0" timestamp="7 Apr 2023 05:35:39 GMT">
  <testcase classname="tpi135_2023.ingenieria.occ.ues.edu.sv.Delivery.control.ComercioBeanTest" name="testcrear" time="2.885"/>
</testsuite> <!-- tpi135_2023.ingenieria.occ.ues.edu.sv.Delivery.control.ComercioBeanTest -->
