<?xml version="1.0" encoding="UTF-8"?>
<!-- Generated by org.testng.reporters.JUnitReportReporter -->
<testsuite hostname="EdwinMendez" failures="0" tests="1" name="tpi135_2023.ingenieria.occ.ues.edu.sv.Delivery.control.ComercioBeanTest" time="0.008" errors="0" timestamp="7 Apr 2023 05:08:35 GMT">
  <testcase classname="tpi135_2023.ingenieria.occ.ues.edu.sv.Delivery.control.ComercioBeanTest" name="testcrear" time="0.008"/>
</testsuite> <!-- tpi135_2023.ingenieria.occ.ues.edu.sv.Delivery.control.ComercioBeanTest -->
