<?xml version="1.0" encoding="UTF-8"?>
<!-- Generated by org.testng.reporters.JUnitReportReporter -->
<testsuite hostname="LAPTOP-66QOD51T" failures="0" tests="2" name="tpi135_2023.ingenieria.occ.ues.edu.sv.Delivery.control.AbstractDataAccessTest" time="1.912" errors="0" timestamp="7 Apr 2023 05:37:32 GMT">
  <testcase classname="tpi135_2023.ingenieria.occ.ues.edu.sv.Delivery.control.AbstractDataAccessTest" name="testcrear" time="1.710"/>
  <testcase classname="tpi135_2023.ingenieria.occ.ues.edu.sv.Delivery.control.AbstractDataAccessTest" name="testFindByid" time="0.202"/>
</testsuite> <!-- tpi135_2023.ingenieria.occ.ues.edu.sv.Delivery.control.AbstractDataAccessTest -->
