<?xml version="1.0" encoding="UTF-8"?>
<!-- Generated by org.testng.reporters.JUnitReportReporter -->
<testsuite hostname="EdwinMendez" failures="0" tests="1" name="tpi135_2023.ingenieria.occ.ues.edu.sv.Delivery.control.ComercioBeanTest" time="2.443" errors="0" timestamp="2023-04-06T17:10:02 CST" skipped="0">
  <testcase classname="tpi135_2023.ingenieria.occ.ues.edu.sv.Delivery.control.ComercioBeanTest" name="testcrear" time="2.443"/>
  <system-out/>
</testsuite> <!-- tpi135_2023.ingenieria.occ.ues.edu.sv.Delivery.control.ComercioBeanTest -->
